Exception occurred at address 004052C8
Exception code C0000005: Access Violation
Process PID=2108  Image: E:\dev-Clarion\DevroadmapsClarionLibrary\build\CreateDCLExportFile.exe
Thread 1  Handle=000000E0  TID=4404

Exception parameters:
00000000
00000004

EAX=00000000    EBX=0040CFB4    ECX=0018FF2F    EDX=00406C0C
ESI=00406C4C    EDI=00000000    EBP=0018FE50    ESP=0018FE44
EIP=004052C8    FLG=00010216

Call Stack:
004052C8  DCL_System_Threading_CriticalSection.CLW:38 - DCL_SYSTEM_THREADING_CRITICALSECTION.WAIT
00403EA6  DCL_System_Pool.CLW:84 - DCL_SYSTEM_POOL.GETITEMNUMBER
004034F3  DCL_System_IO_AsciiFile.clw:105 - DCL_SYSTEM_IO_ASCIIFILE.CONSTRUCT
00405406  CreateDCLExportFile.clw:49 - CreateDCLExportFile$$$__attach_process
010BFC33 - call_ctors(UNIT_DESCRIPTOR *,unsigned char)
010BFA6F - __attach(UNIT_DESCRIPTOR *,int)
775E9EF2
775E9EC5

Clarion modules:
01000000  08.00:9759  E:\dev-Clarion\DevroadmapsClarionLibrary\build\ClaRUN.dll
007E0000  08.00:9759  E:\dev-Clarion\DevroadmapsClarionLibrary\build\ClaASC.dll
00400000  08.00:9759  E:\dev-Clarion\DevroadmapsClarionLibrary\build\CreateDCLExportFile.exe

Thread stack:
0018FE40: B4 CF 40 00  0C 6C 40 00  2F FF 18 00  00 00 00 00 
0018FE50: 6C FE 18 00  A6 3E 40 00  2F FF 18 00  B4 CF 40 00 
0018FE60: 00 00 00 00  00 00 00 00  B8 D4 40 00  84 FE 18 00 
0018FE70: F3 34 40 00  0C 6C 40 00  2F FF 18 00  9C 6D 40 00 
0018FE80: B4 CF 40 00  8C FE 18 00  06 54 40 00  DC FE 18 00 
0018FE90: 33 FC 0B 01  C4 FF 18 00  6F FA 0B 01  DC FE 18 00 
0018FEA0: B4 FE 18 00  13 6B 13 01  0C 6C 40 00  2F FF 18 00 
0018FEB0: 0C 6C 40 00  24 00 00 05  00 00 00 0C  6C 40 00 13 
0018FEC0: 00 00 00 13  96 FA 0B 01  D4 6B 13 01  96 8F 11 01 
0018FED0: 2F FF 18 00  0C FB 18 00  5C FB 18 00  94 FF 18 00 
0018FEE0: 6F FA 0B 01  C4 FF 18 00  C4 FF 18 00  B1 8F 11 01 
0018FEF0: 2F FF 18 00  2F FF 18 00  74 FB 0B 01  A8 F9 63 00 
0018FF00: 6F FA 0B 01  2F FF 18 00  F8 6D 40 00  0C 6C 40 00 
0018FF10: 94 FF 18 00  28 FF 18 00  01 00 00 00  80 08 41 00 
0018FF20: 00 00 41 00  0C 6C 40 00  03 5C 0B 2F  FF 18 00 D4 
0018FF30: 6B 13 01 D4  FE 18 00 04  00 00 00 54  6C 13 01 A8 
0018FF40: F9 63 00 90  B4 12 01 A4  B4 12 01 C0  B4 12 01 B4 
0018FF50: B4 12 01 DC  B4 12 01 D0  B4 12 01 00  00 00 00 74 
0018FF60: FB 0B 01 0C  6C 40 00 13  E8 F6 0B 01  00 00 00 00 
0018FF70: 00 00 00 00  74 53 40 00  00 00 00 00  0C 6C 40 00 
0018FF80: 01 00 00 00  F8 6D 40 00  84 53 40 00  AA 33 E0 74 
0018FF90: 00 E0 FD 7E  D4 FF 18 00  F2 9E 5E 77  00 E0 FD 7E 
0018FFA0: 12 8F F4 72  00 00 00 00  00 00 00 00  00 E0 FD 7E 
0018FFB0: 00 00 00 00  00 00 00 00  00 00 00 00  A0 FF 18 00 
0018FFC0: 00 00 00 00  FF FF FF FF  D5 71 62 77  F6 B5 B1 05 
0018FFD0: 00 00 00 00  EC FF 18 00  C5 9E 5E 77  74 53 40 00 
0018FFE0: 00 E0 FD 7E  00 00 00 00  00 00 00 00  00 00 00 00 
0018FFF0: 00 00 00 00  74 53 40 00  00 E0 FD 7E  00 00 00 00 
